Examining apr-1.4.8-5.el7.x86_64.rpm: apr-1.4.8-5.el7.x86_64
apr-1.4.8-5.el7.x86_64.rpm: does not update installed package.
Examining apr-1.4.8-7.el7.x86_64.rpm: apr-1.4.8-7.el7.x86_64
apr-1.4.8-7.el7.x86_64.rpm: does not update installed package.
Examining apr-util-1.5.2-6.el7.x86_64.rpm: apr-util-1.5.2-6.el7.x86_64
apr-util-1.5.2-6.el7.x86_64.rpm: does not update installed package.
Examining autoconf-2.69-11.el7.noarch.rpm: autoconf-2.69-11.el7.noarch
autoconf-2.69-11.el7.noarch.rpm: does not update installed package.
Examining automake-1.13.4-3.el7.noarch.rpm: automake-1.13.4-3.el7.noarch
automake-1.13.4-3.el7.noarch.rpm: does not update installed package.
Examining avahi-libs-0.6.31-20.el7.x86_64.rpm: avahi-libs-0.6.31-20.el7.x86_64
avahi-libs-0.6.31-20.el7.x86_64.rpm: does not update installed package.
Examining b1b077555664655ba01b2c68d13239eaf9db1025287d0d9ccaeb4a8850c7a9b7-kubectl-1.19.2-0.x86_64.rpm: kubectl-1.19.2-0.x86_64
b1b077555664655ba01b2c68d13239eaf9db1025287d0d9ccaeb4a8850c7a9b7-kubectl-1.19.2-0.x86_64.rpm: does not update installed package.
Examining bison-3.0.4-2.el7.x86_64.rpm: bison-3.0.4-2.el7.x86_64
bison-3.0.4-2.el7.x86_64.rpm: does not update installed package.
Examining boost-date-time-1.53.0-28.el7.x86_64.rpm: boost-date-time-1.53.0-28.el7.x86_64
boost-date-time-1.53.0-28.el7.x86_64.rpm: does not update installed package.
Examining boost-system-1.53.0-28.el7.x86_64.rpm: boost-system-1.53.0-28.el7.x86_64
boost-system-1.53.0-28.el7.x86_64.rpm: does not update installed package.
Examining boost-thread-1.53.0-28.el7.x86_64.rpm: boost-thread-1.53.0-28.el7.x86_64
boost-thread-1.53.0-28.el7.x86_64.rpm: does not update installed package.
Examining byacc-1.9.20130304-3.el7.x86_64.rpm: byacc-1.9.20130304-3.el7.x86_64
byacc-1.9.20130304-3.el7.x86_64.rpm: does not update installed package.
Examining bzip2-1.0.6-13.el7.x86_64.rpm: bzip2-1.0.6-13.el7.x86_64
bzip2-1.0.6-13.el7.x86_64.rpm: does not update installed package.
Examining containerd.io-1.2.13-3.2.el7.x86_64.rpm: containerd.io-1.2.13-3.2.el7.x86_64
containerd.io-1.2.13-3.2.el7.x86_64.rpm: does not update installed package.
Examining containerd.io-1.3.7-3.1.el7.x86_64.rpm: containerd.io-1.3.7-3.1.el7.x86_64
containerd.io-1.3.7-3.1.el7.x86_64.rpm: does not update installed package.
Examining container-selinux-2.119.2-1.911c772.el7_8.noarch.rpm: 2:container-selinux-2.119.2-1.911c772.el7_8.noarch
container-selinux-2.119.2-1.911c772.el7_8.noarch.rpm: does not update installed package.
Examining cpp-4.8.5-39.el7.x86_64.rpm: cpp-4.8.5-39.el7.x86_64
cpp-4.8.5-39.el7.x86_64.rpm: does not update installed package.
Examining cpp-4.8.5-44.el7.x86_64.rpm: cpp-4.8.5-44.el7.x86_64
cpp-4.8.5-44.el7.x86_64.rpm: does not update installed package.
Examining createrepo-0.9.9-28.el7.noarch.rpm: createrepo-0.9.9-28.el7.noarch
createrepo-0.9.9-28.el7.noarch.rpm: does not update installed package.
Examining cscope-15.8-10.el7.x86_64.rpm: cscope-15.8-10.el7.x86_64
cscope-15.8-10.el7.x86_64.rpm: does not update installed package.
Examining ctags-5.8-13.el7.x86_64.rpm: ctags-5.8-13.el7.x86_64
ctags-5.8-13.el7.x86_64.rpm: does not update installed package.
Examining deltarpm-3.6-3.el7.x86_64.rpm: deltarpm-3.6-3.el7.x86_64
deltarpm-3.6-3.el7.x86_64.rpm: does not update installed package.
Examining device-mapper-event-1.02.164-7.el7_8.2.x86_64.rpm: 7:device-mapper-event-1.02.164-7.el7_8.2.x86_64
device-mapper-event-1.02.164-7.el7_8.2.x86_64.rpm: does not update installed package.
Examining device-mapper-event-1.02.170-6.el7.x86_64.rpm: 7:device-mapper-event-1.02.170-6.el7.x86_64
device-mapper-event-1.02.170-6.el7.x86_64.rpm: does not update installed package.
Examining device-mapper-event-libs-1.02.164-7.el7_8.2.x86_64.rpm: 7:device-mapper-event-libs-1.02.164-7.el7_8.2.x86_64
device-mapper-event-libs-1.02.164-7.el7_8.2.x86_64.rpm: does not update installed package.
Examining device-mapper-event-libs-1.02.170-6.el7.x86_64.rpm: 7:device-mapper-event-libs-1.02.170-6.el7.x86_64
device-mapper-event-libs-1.02.170-6.el7.x86_64.rpm: does not update installed package.
Examining device-mapper-persistent-data-0.8.5-2.el7.x86_64.rpm: device-mapper-persistent-data-0.8.5-2.el7.x86_64
device-mapper-persistent-data-0.8.5-2.el7.x86_64.rpm: does not update installed package.
Examining device-mapper-persistent-data-0.8.5-3.el7.x86_64.rpm: device-mapper-persistent-data-0.8.5-3.el7.x86_64
device-mapper-persistent-data-0.8.5-3.el7.x86_64.rpm: does not update installed package.
Examining diffstat-1.57-4.el7.x86_64.rpm: diffstat-1.57-4.el7.x86_64
diffstat-1.57-4.el7.x86_64.rpm: does not update installed package.
Examining docker-ce-19.03.11-3.el7.x86_64.rpm: 3:docker-ce-19.03.11-3.el7.x86_64
Marking docker-ce-19.03.11-3.el7.x86_64.rpm to be installed
Resolving Dependencies
--> Running transaction check
---> Package docker-ce.x86_64 3:19.03.11-3.el7 will be installed
--> Finished Dependency Resolution

Dependencies Resolved

================================================================================
 Package    Arch    Version             Repository                         Size
================================================================================
Installing:
 docker-ce  x86_64  3:19.03.11-3.el7    /docker-ce-19.03.11-3.el7.x86_64  102 M

Transaction Summary
================================================================================
Install  1 Package

Total size: 102 M
Installed size: 102 M
Downloading packages:
Running transaction check
Running transaction test
Transaction test succeeded
Running transaction
  Installing : 3:docker-ce-19.03.11-3.el7.x86_64                            1/1 
  Verifying  : 3:docker-ce-19.03.11-3.el7.x86_64                            1/1 

Installed:
  docker-ce.x86_64 3:19.03.11-3.el7                                             

Complete!
Examining docker-ce-cli-19.03.11-3.el7.x86_64.rpm: 1:docker-ce-cli-19.03.11-3.el7.x86_64
docker-ce-cli-19.03.11-3.el7.x86_64.rpm: does not update installed package.
Examining docker-ce-cli-19.03.13-3.el7.x86_64.rpm: 1:docker-ce-cli-19.03.13-3.el7.x86_64
docker-ce-cli-19.03.13-3.el7.x86_64.rpm: does not update installed package.
Examining docker-compose-1.18.0-4.el7.noarch.rpm: docker-compose-1.18.0-4.el7.noarch
docker-compose-1.18.0-4.el7.noarch.rpm: does not update installed package.
Examining doxygen-1.8.5-4.el7.x86_64.rpm: 1:doxygen-1.8.5-4.el7.x86_64
doxygen-1.8.5-4.el7.x86_64.rpm: does not update installed package.
Examining dwz-0.11-3.el7.x86_64.rpm: dwz-0.11-3.el7.x86_64
dwz-0.11-3.el7.x86_64.rpm: does not update installed package.
Examining dyninst-9.3.1-3.el7.x86_64.rpm: dyninst-9.3.1-3.el7.x86_64
dyninst-9.3.1-3.el7.x86_64.rpm: does not update installed package.
Examining elfutils-0.176-4.el7.x86_64.rpm: elfutils-0.176-4.el7.x86_64
elfutils-0.176-4.el7.x86_64.rpm: does not update installed package.
Examining elfutils-0.176-5.el7.x86_64.rpm: elfutils-0.176-5.el7.x86_64
elfutils-0.176-5.el7.x86_64.rpm: does not update installed package.
Examining flex-2.5.37-6.el7.x86_64.rpm: flex-2.5.37-6.el7.x86_64
flex-2.5.37-6.el7.x86_64.rpm: does not update installed package.
Examining gcc-4.8.5-39.el7.x86_64.rpm: gcc-4.8.5-39.el7.x86_64
gcc-4.8.5-39.el7.x86_64.rpm: does not update installed package.
Examining gcc-4.8.5-44.el7.x86_64.rpm: gcc-4.8.5-44.el7.x86_64
gcc-4.8.5-44.el7.x86_64.rpm: does not update installed package.
Examining gcc-c++-4.8.5-39.el7.x86_64.rpm: gcc-c++-4.8.5-39.el7.x86_64
gcc-c++-4.8.5-39.el7.x86_64.rpm: does not update installed package.
Examining gcc-c++-4.8.5-44.el7.x86_64.rpm: gcc-c++-4.8.5-44.el7.x86_64
gcc-c++-4.8.5-44.el7.x86_64.rpm: does not update installed package.
Examining gcc-gfortran-4.8.5-39.el7.x86_64.rpm: gcc-gfortran-4.8.5-39.el7.x86_64
gcc-gfortran-4.8.5-39.el7.x86_64.rpm: does not update installed package.
Examining gcc-gfortran-4.8.5-44.el7.x86_64.rpm: gcc-gfortran-4.8.5-44.el7.x86_64
gcc-gfortran-4.8.5-44.el7.x86_64.rpm: does not update installed package.
Examining gdb-7.6.1-119.el7.x86_64.rpm: gdb-7.6.1-119.el7.x86_64
gdb-7.6.1-119.el7.x86_64.rpm: does not update installed package.
Examining gdb-7.6.1-120.el7.x86_64.rpm: gdb-7.6.1-120.el7.x86_64
gdb-7.6.1-120.el7.x86_64.rpm: does not update installed package.
Examining gettext-common-devel-0.19.8.1-3.el7.noarch.rpm: gettext-common-devel-0.19.8.1-3.el7.noarch
gettext-common-devel-0.19.8.1-3.el7.noarch.rpm: does not update installed package.
Examining gettext-devel-0.19.8.1-3.el7.x86_64.rpm: gettext-devel-0.19.8.1-3.el7.x86_64
gettext-devel-0.19.8.1-3.el7.x86_64.rpm: does not update installed package.
Examining git-1.8.3.1-23.el7_8.x86_64.rpm: git-1.8.3.1-23.el7_8.x86_64
git-1.8.3.1-23.el7_8.x86_64.rpm: does not update installed package.
Examining glibc-devel-2.17-307.el7.1.x86_64.rpm: glibc-devel-2.17-307.el7.1.x86_64
glibc-devel-2.17-307.el7.1.x86_64.rpm: does not update installed package.
Examining glibc-devel-2.17-317.el7.x86_64.rpm: glibc-devel-2.17-317.el7.x86_64
glibc-devel-2.17-317.el7.x86_64.rpm: does not update installed package.
Examining glibc-headers-2.17-307.el7.1.x86_64.rpm: glibc-headers-2.17-307.el7.1.x86_64
glibc-headers-2.17-307.el7.1.x86_64.rpm: does not update installed package.
Examining glibc-headers-2.17-317.el7.x86_64.rpm: glibc-headers-2.17-317.el7.x86_64
glibc-headers-2.17-317.el7.x86_64.rpm: does not update installed package.
Examining gnutls-3.3.29-9.el7_6.x86_64.rpm: gnutls-3.3.29-9.el7_6.x86_64
gnutls-3.3.29-9.el7_6.x86_64.rpm: does not update installed package.
Examining golang-1.15.2-1.el7.x86_64.rpm: golang-1.15.2-1.el7.x86_64
golang-1.15.2-1.el7.x86_64.rpm: does not update installed package.
Examining golang-bin-1.15.2-1.el7.x86_64.rpm: golang-bin-1.15.2-1.el7.x86_64
golang-bin-1.15.2-1.el7.x86_64.rpm: does not update installed package.
Examining golang-src-1.15.2-1.el7.noarch.rpm: golang-src-1.15.2-1.el7.noarch
golang-src-1.15.2-1.el7.noarch.rpm: does not update installed package.
Examining gssproxy-0.7.0-29.el7.x86_64.rpm: gssproxy-0.7.0-29.el7.x86_64
gssproxy-0.7.0-29.el7.x86_64.rpm: does not update installed package.
Examining httpd-2.4.6-93.el7.x86_64.rpm: httpd-2.4.6-93.el7.x86_64
httpd-2.4.6-93.el7.x86_64.rpm: does not update installed package.
Examining httpd-2.4.6-95.el7.x86_64.rpm: httpd-2.4.6-95.el7.x86_64
httpd-2.4.6-95.el7.x86_64.rpm: does not update installed package.
Examining httpd-tools-2.4.6-93.el7.x86_64.rpm: httpd-tools-2.4.6-93.el7.x86_64
httpd-tools-2.4.6-93.el7.x86_64.rpm: does not update installed package.
Examining httpd-tools-2.4.6-95.el7.x86_64.rpm: httpd-tools-2.4.6-95.el7.x86_64
httpd-tools-2.4.6-95.el7.x86_64.rpm: does not update installed package.
Examining indent-2.2.11-13.el7.x86_64.rpm: indent-2.2.11-13.el7.x86_64
indent-2.2.11-13.el7.x86_64.rpm: does not update installed package.
Examining intltool-0.50.2-7.el7.noarch.rpm: intltool-0.50.2-7.el7.noarch
intltool-0.50.2-7.el7.noarch.rpm: does not update installed package.
Examining kernel-debug-devel-3.10.0-1127.19.1.el7.x86_64.rpm: kernel-debug-devel-3.10.0-1127.19.1.el7.x86_64
kernel-debug-devel-3.10.0-1127.19.1.el7.x86_64.rpm: does not update installed package.
Examining kernel-debug-devel-3.10.0-1160.2.1.el7.x86_64.rpm: kernel-debug-devel-3.10.0-1160.2.1.el7.x86_64
kernel-debug-devel-3.10.0-1160.2.1.el7.x86_64.rpm: does not update installed package.
Examining kernel-headers-3.10.0-1127.19.1.el7.x86_64.rpm: kernel-headers-3.10.0-1127.19.1.el7.x86_64
kernel-headers-3.10.0-1127.19.1.el7.x86_64.rpm: does not update installed package.
Examining kernel-headers-3.10.0-1160.2.1.el7.x86_64.rpm: kernel-headers-3.10.0-1160.2.1.el7.x86_64
kernel-headers-3.10.0-1160.2.1.el7.x86_64.rpm: does not update installed package.
Examining keyutils-1.5.8-3.el7.x86_64.rpm: keyutils-1.5.8-3.el7.x86_64
keyutils-1.5.8-3.el7.x86_64.rpm: does not update installed package.
Examining libaio-0.3.109-13.el7.x86_64.rpm: libaio-0.3.109-13.el7.x86_64
libaio-0.3.109-13.el7.x86_64.rpm: does not update installed package.
Examining libbasicobjects-0.1.1-32.el7.x86_64.rpm: libbasicobjects-0.1.1-32.el7.x86_64
libbasicobjects-0.1.1-32.el7.x86_64.rpm: does not update installed package.
Examining libcollection-0.7.0-32.el7.x86_64.rpm: libcollection-0.7.0-32.el7.x86_64
libcollection-0.7.0-32.el7.x86_64.rpm: does not update installed package.
Examining libdwarf-20130207-4.el7.x86_64.rpm: libdwarf-20130207-4.el7.x86_64
libdwarf-20130207-4.el7.x86_64.rpm: does not update installed package.
Examining libevent-2.0.21-4.el7.x86_64.rpm: libevent-2.0.21-4.el7.x86_64
libevent-2.0.21-4.el7.x86_64.rpm: does not update installed package.
Examining libgfortran-4.8.5-39.el7.x86_64.rpm: libgfortran-4.8.5-39.el7.x86_64
libgfortran-4.8.5-39.el7.x86_64.rpm: does not update installed package.
Examining libgfortran-4.8.5-44.el7.x86_64.rpm: libgfortran-4.8.5-44.el7.x86_64
libgfortran-4.8.5-44.el7.x86_64.rpm: does not update installed package.
Examining libini_config-1.3.1-32.el7.x86_64.rpm: libini_config-1.3.1-32.el7.x86_64
libini_config-1.3.1-32.el7.x86_64.rpm: does not update installed package.
Examining libmodman-2.0.1-8.el7.x86_64.rpm: libmodman-2.0.1-8.el7.x86_64
libmodman-2.0.1-8.el7.x86_64.rpm: does not update installed package.
Examining libmpc-1.0.1-3.el7.x86_64.rpm: libmpc-1.0.1-3.el7.x86_64
libmpc-1.0.1-3.el7.x86_64.rpm: does not update installed package.
Examining libnfsidmap-0.25-19.el7.x86_64.rpm: libnfsidmap-0.25-19.el7.x86_64
libnfsidmap-0.25-19.el7.x86_64.rpm: does not update installed package.
Examining libpath_utils-0.2.1-32.el7.x86_64.rpm: libpath_utils-0.2.1-32.el7.x86_64
libpath_utils-0.2.1-32.el7.x86_64.rpm: does not update installed package.
Examining libproxy-0.4.11-11.el7.x86_64.rpm: libproxy-0.4.11-11.el7.x86_64
libproxy-0.4.11-11.el7.x86_64.rpm: does not update installed package.
Examining libquadmath-4.8.5-39.el7.x86_64.rpm: libquadmath-4.8.5-39.el7.x86_64
libquadmath-4.8.5-39.el7.x86_64.rpm: does not update installed package.
Examining libquadmath-4.8.5-44.el7.x86_64.rpm: libquadmath-4.8.5-44.el7.x86_64
libquadmath-4.8.5-44.el7.x86_64.rpm: does not update installed package.
Examining libquadmath-devel-4.8.5-39.el7.x86_64.rpm: libquadmath-devel-4.8.5-39.el7.x86_64
libquadmath-devel-4.8.5-39.el7.x86_64.rpm: does not update installed package.
Examining libquadmath-devel-4.8.5-44.el7.x86_64.rpm: libquadmath-devel-4.8.5-44.el7.x86_64
libquadmath-devel-4.8.5-44.el7.x86_64.rpm: does not update installed package.
Examining libref_array-0.1.5-32.el7.x86_64.rpm: libref_array-0.1.5-32.el7.x86_64
libref_array-0.1.5-32.el7.x86_64.rpm: does not update installed package.
Examining libstdc++-devel-4.8.5-39.el7.x86_64.rpm: libstdc++-devel-4.8.5-39.el7.x86_64
libstdc++-devel-4.8.5-39.el7.x86_64.rpm: does not update installed package.
Examining libstdc++-devel-4.8.5-44.el7.x86_64.rpm: libstdc++-devel-4.8.5-44.el7.x86_64
libstdc++-devel-4.8.5-44.el7.x86_64.rpm: does not update installed package.
Examining libtirpc-0.2.4-0.16.el7.x86_64.rpm: libtirpc-0.2.4-0.16.el7.x86_64
libtirpc-0.2.4-0.16.el7.x86_64.rpm: does not update installed package.
Examining libtool-2.4.2-22.el7_3.x86_64.rpm: libtool-2.4.2-22.el7_3.x86_64
libtool-2.4.2-22.el7_3.x86_64.rpm: does not update installed package.
Examining libuv-1.38.0-2.el7.x86_64.rpm: 1:libuv-1.38.0-2.el7.x86_64
libuv-1.38.0-2.el7.x86_64.rpm: does not update installed package.
Examining libverto-libevent-0.2.5-4.el7.x86_64.rpm: libverto-libevent-0.2.5-4.el7.x86_64
libverto-libevent-0.2.5-4.el7.x86_64.rpm: does not update installed package.
Examining libxml2-python-2.9.1-6.el7.4.x86_64.rpm: libxml2-python-2.9.1-6.el7.4.x86_64
libxml2-python-2.9.1-6.el7.4.x86_64.rpm: does not update installed package.
Examining libxml2-python-2.9.1-6.el7.5.x86_64.rpm: libxml2-python-2.9.1-6.el7.5.x86_64
libxml2-python-2.9.1-6.el7.5.x86_64.rpm: does not update installed package.
Examining libyaml-0.1.4-11.el7_0.x86_64.rpm: libyaml-0.1.4-11.el7_0.x86_64
libyaml-0.1.4-11.el7_0.x86_64.rpm: does not update installed package.
Examining lvm2-2.02.186-7.el7_8.2.x86_64.rpm: 7:lvm2-2.02.186-7.el7_8.2.x86_64
lvm2-2.02.186-7.el7_8.2.x86_64.rpm: does not update installed package.
Examining lvm2-2.02.187-6.el7.x86_64.rpm: 7:lvm2-2.02.187-6.el7.x86_64
lvm2-2.02.187-6.el7.x86_64.rpm: does not update installed package.
Examining lvm2-libs-2.02.186-7.el7_8.2.x86_64.rpm: 7:lvm2-libs-2.02.186-7.el7_8.2.x86_64
lvm2-libs-2.02.186-7.el7_8.2.x86_64.rpm: does not update installed package.
Examining lvm2-libs-2.02.187-6.el7.x86_64.rpm: 7:lvm2-libs-2.02.187-6.el7.x86_64
lvm2-libs-2.02.187-6.el7.x86_64.rpm: does not update installed package.
Examining m4-1.4.16-10.el7.x86_64.rpm: m4-1.4.16-10.el7.x86_64
m4-1.4.16-10.el7.x86_64.rpm: does not update installed package.
Examining mailcap-2.1.41-2.el7.noarch.rpm: mailcap-2.1.41-2.el7.noarch
mailcap-2.1.41-2.el7.noarch.rpm: does not update installed package.
Examining mercurial-2.6.2-11.el7.x86_64.rpm: mercurial-2.6.2-11.el7.x86_64
mercurial-2.6.2-11.el7.x86_64.rpm: does not update installed package.
Examining mpfr-3.1.1-4.el7.x86_64.rpm: mpfr-3.1.1-4.el7.x86_64
mpfr-3.1.1-4.el7.x86_64.rpm: does not update installed package.
Examining neon-0.30.0-4.el7.x86_64.rpm: neon-0.30.0-4.el7.x86_64
neon-0.30.0-4.el7.x86_64.rpm: does not update installed package.
Examining nettle-2.7.1-8.el7.x86_64.rpm: nettle-2.7.1-8.el7.x86_64
nettle-2.7.1-8.el7.x86_64.rpm: does not update installed package.
Examining nfs-utils-1.3.0-0.68.el7.x86_64.rpm: 1:nfs-utils-1.3.0-0.68.el7.x86_64
nfs-utils-1.3.0-0.68.el7.x86_64.rpm: does not update installed package.
Examining nodejs-6.17.1-1.el7.x86_64.rpm: 1:nodejs-6.17.1-1.el7.x86_64
nodejs-6.17.1-1.el7.x86_64.rpm: does not update installed package.
Examining npm-3.10.10-1.6.17.1.1.el7.x86_64.rpm: 1:npm-3.10.10-1.6.17.1.1.el7.x86_64
npm-3.10.10-1.6.17.1.1.el7.x86_64.rpm: does not update installed package.
Examining pakchois-0.4-10.el7.x86_64.rpm: pakchois-0.4-10.el7.x86_64
pakchois-0.4-10.el7.x86_64.rpm: does not update installed package.
Examining patch-2.7.1-12.el7_7.x86_64.rpm: patch-2.7.1-12.el7_7.x86_64
patch-2.7.1-12.el7_7.x86_64.rpm: does not update installed package.
Examining patchutils-0.3.3-4.el7.x86_64.rpm: patchutils-0.3.3-4.el7.x86_64
patchutils-0.3.3-4.el7.x86_64.rpm: does not update installed package.
Examining perl-Data-Dumper-2.145-3.el7.x86_64.rpm: perl-Data-Dumper-2.145-3.el7.x86_64
perl-Data-Dumper-2.145-3.el7.x86_64.rpm: does not update installed package.
Examining perl-Error-0.17020-2.el7.noarch.rpm: 1:perl-Error-0.17020-2.el7.noarch
perl-Error-0.17020-2.el7.noarch.rpm: does not update installed package.
Examining perl-Git-1.8.3.1-23.el7_8.noarch.rpm: perl-Git-1.8.3.1-23.el7_8.noarch
perl-Git-1.8.3.1-23.el7_8.noarch.rpm: does not update installed package.
Examining perl-srpm-macros-1-8.el7.noarch.rpm: perl-srpm-macros-1-8.el7.noarch
perl-srpm-macros-1-8.el7.noarch.rpm: does not update installed package.
Examining perl-TermReadKey-2.30-20.el7.x86_64.rpm: perl-TermReadKey-2.30-20.el7.x86_64
perl-TermReadKey-2.30-20.el7.x86_64.rpm: does not update installed package.
Examining perl-Test-Harness-3.28-3.el7.noarch.rpm: perl-Test-Harness-3.28-3.el7.noarch
perl-Test-Harness-3.28-3.el7.noarch.rpm: does not update installed package.
Examining perl-Thread-Queue-3.02-2.el7.noarch.rpm: perl-Thread-Queue-3.02-2.el7.noarch
perl-Thread-Queue-3.02-2.el7.noarch.rpm: does not update installed package.
Examining perl-XML-Parser-2.41-10.el7.x86_64.rpm: perl-XML-Parser-2.41-10.el7.x86_64
perl-XML-Parser-2.41-10.el7.x86_64.rpm: does not update installed package.
Examining python3-3.6.8-13.el7.x86_64.rpm: python3-3.6.8-13.el7.x86_64
python3-3.6.8-13.el7.x86_64.rpm: does not update installed package.
Examining python3-3.6.8-17.el7.x86_64.rpm: python3-3.6.8-17.el7.x86_64
python3-3.6.8-17.el7.x86_64.rpm: does not update installed package.
Examining python36-cached_property-1.5.1-2.el7.noarch.rpm: python36-cached_property-1.5.1-2.el7.noarch
python36-cached_property-1.5.1-2.el7.noarch.rpm: does not update installed package.
Examining python36-chardet-3.0.4-1.el7.noarch.rpm: python36-chardet-3.0.4-1.el7.noarch
python36-chardet-3.0.4-1.el7.noarch.rpm: does not update installed package.
Examining python36-docker-2.6.1-3.el7.noarch.rpm: python36-docker-2.6.1-3.el7.noarch
python36-docker-2.6.1-3.el7.noarch.rpm: does not update installed package.
Examining python36-dockerpty-0.4.1-18.el7.noarch.rpm: python36-dockerpty-0.4.1-18.el7.noarch
python36-dockerpty-0.4.1-18.el7.noarch.rpm: does not update installed package.
Examining python36-docker-pycreds-0.2.1-2.el7.noarch.rpm: python36-docker-pycreds-0.2.1-2.el7.noarch
python36-docker-pycreds-0.2.1-2.el7.noarch.rpm: does not update installed package.
Examining python36-docopt-0.6.2-8.el7.noarch.rpm: python36-docopt-0.6.2-8.el7.noarch
python36-docopt-0.6.2-8.el7.noarch.rpm: does not update installed package.
Examining python36-idna-2.7-2.el7.noarch.rpm: python36-idna-2.7-2.el7.noarch
python36-idna-2.7-2.el7.noarch.rpm: does not update installed package.
Examining python36-jsonschema-2.5.1-4.el7.noarch.rpm: python36-jsonschema-2.5.1-4.el7.noarch
python36-jsonschema-2.5.1-4.el7.noarch.rpm: does not update installed package.
Examining python36-pysocks-1.6.8-7.el7.noarch.rpm: python36-pysocks-1.6.8-7.el7.noarch
python36-pysocks-1.6.8-7.el7.noarch.rpm: does not update installed package.
Examining python36-PyYAML-3.13-1.el7.x86_64.rpm: python36-PyYAML-3.13-1.el7.x86_64
python36-PyYAML-3.13-1.el7.x86_64.rpm: does not update installed package.
Examining python36-requests-2.14.2-2.el7.noarch.rpm: python36-requests-2.14.2-2.el7.noarch
python36-requests-2.14.2-2.el7.noarch.rpm: does not update installed package.
Examining python36-six-1.14.0-2.el7.noarch.rpm: python36-six-1.14.0-2.el7.noarch
python36-six-1.14.0-2.el7.noarch.rpm: does not update installed package.
Examining python36-texttable-1.6.2-1.el7.noarch.rpm: python36-texttable-1.6.2-1.el7.noarch
python36-texttable-1.6.2-1.el7.noarch.rpm: does not update installed package.
Examining python36-urllib3-1.25.6-1.el7.noarch.rpm: python36-urllib3-1.25.6-1.el7.noarch
python36-urllib3-1.25.6-1.el7.noarch.rpm: does not update installed package.
Examining python36-websocket-client-0.47.0-2.el7.noarch.rpm: python36-websocket-client-0.47.0-2.el7.noarch
python36-websocket-client-0.47.0-2.el7.noarch.rpm: does not update installed package.
Examining python3-libs-3.6.8-13.el7.x86_64.rpm: python3-libs-3.6.8-13.el7.x86_64
python3-libs-3.6.8-13.el7.x86_64.rpm: does not update installed package.
Examining python3-libs-3.6.8-17.el7.x86_64.rpm: python3-libs-3.6.8-17.el7.x86_64
python3-libs-3.6.8-17.el7.x86_64.rpm: does not update installed package.
Examining python3-pip-9.0.3-7.el7_7.noarch.rpm: python3-pip-9.0.3-7.el7_7.noarch
python3-pip-9.0.3-7.el7_7.noarch.rpm: does not update installed package.
Examining python3-pip-9.0.3-7.el7_8.noarch.rpm: python3-pip-9.0.3-7.el7_8.noarch
python3-pip-9.0.3-7.el7_8.noarch.rpm: does not update installed package.
Examining python3-pip-9.0.3-8.el7.noarch.rpm: python3-pip-9.0.3-8.el7.noarch
python3-pip-9.0.3-8.el7.noarch.rpm: does not update installed package.
Examining python3-setuptools-39.2.0-10.el7.noarch.rpm: python3-setuptools-39.2.0-10.el7.noarch
python3-setuptools-39.2.0-10.el7.noarch.rpm: does not update installed package.
Examining python-chardet-2.2.1-3.el7.noarch.rpm: python-chardet-2.2.1-3.el7.noarch
python-chardet-2.2.1-3.el7.noarch.rpm: does not update installed package.
Examining python-deltarpm-3.6-3.el7.x86_64.rpm: python-deltarpm-3.6-3.el7.x86_64
python-deltarpm-3.6-3.el7.x86_64.rpm: does not update installed package.
Examining python-kitchen-1.1.1-5.el7.noarch.rpm: python-kitchen-1.1.1-5.el7.noarch
python-kitchen-1.1.1-5.el7.noarch.rpm: does not update installed package.
Examining python-srpm-macros-3-32.el7.noarch.rpm: python-srpm-macros-3-32.el7.noarch
python-srpm-macros-3-32.el7.noarch.rpm: does not update installed package.
Examining python-srpm-macros-3-34.el7.noarch.rpm: python-srpm-macros-3-34.el7.noarch
python-srpm-macros-3-34.el7.noarch.rpm: does not update installed package.
Examining quota-4.01-19.el7.x86_64.rpm: 1:quota-4.01-19.el7.x86_64
quota-4.01-19.el7.x86_64.rpm: does not update installed package.
Examining quota-nls-4.01-19.el7.noarch.rpm: 1:quota-nls-4.01-19.el7.noarch
quota-nls-4.01-19.el7.noarch.rpm: does not update installed package.
Examining rcs-5.9.0-7.el7.x86_64.rpm: rcs-5.9.0-7.el7.x86_64
rcs-5.9.0-7.el7.x86_64.rpm: does not update installed package.
Examining redhat-rpm-config-9.1.0-88.el7.noarch.rpm: redhat-rpm-config-9.1.0-88.el7.noarch
redhat-rpm-config-9.1.0-88.el7.noarch.rpm: does not update installed package.
Examining rpcbind-0.2.0-49.el7.x86_64.rpm: rpcbind-0.2.0-49.el7.x86_64
rpcbind-0.2.0-49.el7.x86_64.rpm: does not update installed package.
Examining rpm-build-4.11.3-43.el7.x86_64.rpm: rpm-build-4.11.3-43.el7.x86_64
rpm-build-4.11.3-43.el7.x86_64.rpm: does not update installed package.
Examining rpm-build-4.11.3-45.el7.x86_64.rpm: rpm-build-4.11.3-45.el7.x86_64
rpm-build-4.11.3-45.el7.x86_64.rpm: does not update installed package.
Examining rpm-sign-4.11.3-43.el7.x86_64.rpm: rpm-sign-4.11.3-43.el7.x86_64
rpm-sign-4.11.3-43.el7.x86_64.rpm: does not update installed package.
Examining rpm-sign-4.11.3-45.el7.x86_64.rpm: rpm-sign-4.11.3-45.el7.x86_64
rpm-sign-4.11.3-45.el7.x86_64.rpm: does not update installed package.
Examining subversion-1.7.14-14.el7.x86_64.rpm: subversion-1.7.14-14.el7.x86_64
subversion-1.7.14-14.el7.x86_64.rpm: does not update installed package.
Examining subversion-1.7.14-16.el7.x86_64.rpm: subversion-1.7.14-16.el7.x86_64
subversion-1.7.14-16.el7.x86_64.rpm: does not update installed package.
Examining subversion-libs-1.7.14-14.el7.x86_64.rpm: subversion-libs-1.7.14-14.el7.x86_64
subversion-libs-1.7.14-14.el7.x86_64.rpm: does not update installed package.
Examining subversion-libs-1.7.14-16.el7.x86_64.rpm: subversion-libs-1.7.14-16.el7.x86_64
subversion-libs-1.7.14-16.el7.x86_64.rpm: does not update installed package.
Examining swig-2.0.10-5.el7.x86_64.rpm: swig-2.0.10-5.el7.x86_64
swig-2.0.10-5.el7.x86_64.rpm: does not update installed package.
Examining systemtap-4.0-11.el7.x86_64.rpm: systemtap-4.0-11.el7.x86_64
systemtap-4.0-11.el7.x86_64.rpm: does not update installed package.
Examining systemtap-4.0-13.el7.x86_64.rpm: systemtap-4.0-13.el7.x86_64
systemtap-4.0-13.el7.x86_64.rpm: does not update installed package.
Examining systemtap-client-4.0-11.el7.x86_64.rpm: systemtap-client-4.0-11.el7.x86_64
systemtap-client-4.0-11.el7.x86_64.rpm: does not update installed package.
Examining systemtap-client-4.0-13.el7.x86_64.rpm: systemtap-client-4.0-13.el7.x86_64
systemtap-client-4.0-13.el7.x86_64.rpm: does not update installed package.
Examining systemtap-devel-4.0-11.el7.x86_64.rpm: systemtap-devel-4.0-11.el7.x86_64
systemtap-devel-4.0-11.el7.x86_64.rpm: does not update installed package.
Examining systemtap-devel-4.0-13.el7.x86_64.rpm: systemtap-devel-4.0-13.el7.x86_64
systemtap-devel-4.0-13.el7.x86_64.rpm: does not update installed package.
Examining systemtap-runtime-4.0-11.el7.x86_64.rpm: systemtap-runtime-4.0-11.el7.x86_64
systemtap-runtime-4.0-11.el7.x86_64.rpm: does not update installed package.
Examining systemtap-runtime-4.0-13.el7.x86_64.rpm: systemtap-runtime-4.0-13.el7.x86_64
systemtap-runtime-4.0-13.el7.x86_64.rpm: does not update installed package.
Examining tcp_wrappers-7.6-77.el7.x86_64.rpm: tcp_wrappers-7.6-77.el7.x86_64
tcp_wrappers-7.6-77.el7.x86_64.rpm: does not update installed package.
Examining trousers-0.3.14-2.el7.x86_64.rpm: trousers-0.3.14-2.el7.x86_64
trousers-0.3.14-2.el7.x86_64.rpm: does not update installed package.
Examining unzip-6.0-21.el7.x86_64.rpm: unzip-6.0-21.el7.x86_64
unzip-6.0-21.el7.x86_64.rpm: does not update installed package.
Examining wget-1.14-18.el7_6.1.x86_64.rpm: wget-1.14-18.el7_6.1.x86_64
wget-1.14-18.el7_6.1.x86_64.rpm: does not update installed package.
Examining yum-utils-1.1.31-54.el7_8.noarch.rpm: yum-utils-1.1.31-54.el7_8.noarch
yum-utils-1.1.31-54.el7_8.noarch.rpm: does not update installed package.
Examining zip-3.0-11.el7.x86_64.rpm: zip-3.0-11.el7.x86_64
zip-3.0-11.el7.x86_64.rpm: does not update installed package.
