Preparing...                          ########################################
Preparing...                          ########################################
Preparing...                          ########################################
Preparing...                          ########################################
Preparing...                          ########################################
Preparing...                          ########################################
Preparing...                          ########################################
Preparing...                          ########################################
Preparing...                          ########################################
Preparing...                          ########################################
Preparing...                          ########################################
Preparing...                          ########################################
Preparing...                          ########################################
Preparing...                          ########################################
Preparing...                          ########################################
Preparing...                          ########################################
Preparing...                          ########################################
Preparing...                          ########################################
Preparing...                          ########################################
Preparing...                          ########################################
Preparing...                          ########################################
Preparing...                          ########################################
Preparing...                          ########################################
Preparing...                          ########################################
Preparing...                          ########################################
Preparing...                          ########################################
Preparing...                          ########################################
Preparing...                          ########################################
Preparing...                          ########################################
Updating / installing...
docker-ce-3:19.03.11-3.el7            ########################################
Preparing...                          ########################################
Preparing...                          ########################################
Preparing...                          ########################################
Preparing...                          ########################################
Preparing...                          ########################################
Preparing...                          ########################################
Preparing...                          ########################################
Preparing...                          ########################################
Preparing...                          ########################################
Preparing...                          ########################################
Preparing...                          ########################################
Preparing...                          ########################################
Preparing...                          ########################################
Preparing...                          ########################################
Preparing...                          ########################################
Preparing...                          ########################################
Preparing...                          ########################################
Preparing...                          ########################################
Preparing...                          ########################################
Preparing...                          ########################################
Preparing...                          ########################################
Preparing...                          ########################################
Preparing...                          ########################################
Preparing...                          ########################################
Preparing...                          ########################################
Preparing...                          ########################################
Preparing...                          ########################################
Preparing...                          ########################################
Preparing...                          ########################################
Preparing...                          ########################################
Preparing...                          ########################################
Preparing...                          ########################################
Preparing...                          ########################################
Preparing...                          ########################################
Preparing...                          ########################################
Preparing...                          ########################################
Preparing...                          ########################################
Preparing...                          ########################################
Preparing...                          ########################################
Preparing...                          ########################################
Preparing...                          ########################################
Preparing...                          ########################################
Preparing...                          ########################################
Preparing...                          ########################################
Preparing...                          ########################################
Preparing...                          ########################################
Preparing...                          ########################################
Preparing...                          ########################################
Preparing...                          ########################################
Preparing...                          ########################################
Preparing...                          ########################################
Preparing...                          ########################################
Preparing...                          ########################################
Preparing...                          ########################################
Preparing...                          ########################################
Preparing...                          ########################################
Preparing...                          ########################################
Preparing...                          ########################################
Preparing...                          ########################################
Preparing...                          ########################################
Preparing...                          ########################################
Preparing...                          ########################################
Preparing...                          ########################################
Preparing...                          ########################################
Preparing...                          ########################################
Preparing...                          ########################################
Preparing...                          ########################################
Preparing...                          ########################################
Preparing...                          ########################################
Preparing...                          ########################################
Preparing...                          ########################################
Preparing...                          ########################################
Preparing...                          ########################################
Preparing...                          ########################################
Preparing...                          ########################################
Preparing...                          ########################################
Preparing...                          ########################################
Preparing...                          ########################################
Preparing...                          ########################################
Preparing...                          ########################################
Preparing...                          ########################################
Preparing...                          ########################################
Preparing...                          ########################################
Preparing...                          ########################################
Preparing...                          ########################################
Preparing...                          ########################################
Preparing...                          ########################################
Preparing...                          ########################################
Preparing...                          ########################################
Preparing...                          ########################################
Preparing...                          ########################################
Preparing...                          ########################################
Preparing...                          ########################################
Preparing...                          ########################################
Preparing...                          ########################################
Preparing...                          ########################################
Preparing...                          ########################################
Preparing...                          ########################################
Preparing...                          ########################################
Preparing...                          ########################################
Preparing...                          ########################################
Preparing...                          ########################################
Preparing...                          ########################################
Preparing...                          ########################################
Preparing...                          ########################################
Preparing...                          ########################################
Preparing...                          ########################################
Preparing...                          ########################################
Preparing...                          ########################################
Preparing...                          ########################################
Preparing...                          ########################################
Preparing...                          ########################################
Preparing...                          ########################################
Preparing...                          ########################################
Preparing...                          ########################################
Preparing...                          ########################################
Preparing...                          ########################################
Preparing...                          ########################################
Preparing...                          ########################################
Preparing...                          ########################################
Preparing...                          ########################################
Preparing...                          ########################################
Preparing...                          ########################################
Preparing...                          ########################################
Preparing...                          ########################################
Preparing...                          ########################################
Preparing...                          ########################################
Preparing...                          ########################################
Preparing...                          ########################################
Preparing...                          ########################################
Preparing...                          ########################################
Updating / installing...
cri-tools-1.13.0-0                    ########################################
Preparing...                          ########################################
Updating / installing...
apr-1.4.8-5.el7                       ########################################
Preparing...                          ########################################
Preparing...                          ########################################
Updating / installing...
apr-util-1.5.2-6.el7                  ########################################
Preparing...                          ########################################
Updating / installing...
avahi-libs-0.6.31-20.el7              ########################################
Preparing...                          ########################################
Updating / installing...
kubectl-1.19.2-0                      ########################################
Preparing...                          ########################################
Updating / installing...
boost-date-time-1.53.0-28.el7         ########################################
Preparing...                          ########################################
Updating / installing...
boost-system-1.53.0-28.el7            ########################################
Preparing...                          ########################################
Updating / installing...
boost-thread-1.53.0-28.el7            ########################################
Preparing...                          ########################################
Updating / installing...
byacc-1.9.20130304-3.el7              ########################################
Preparing...                          ########################################
Updating / installing...
bzip2-1.0.6-13.el7                    ########################################
Preparing...                          ########################################
Updating / installing...
container-selinux-2:2.119.2-1.911c772.########################################
Preparing...                          ########################################
Updating / installing...
cscope-15.8-10.el7                    ########################################
Preparing...                          ########################################
Updating / installing...
ctags-5.8-13.el7                      ########################################
Preparing...                          ########################################
Updating / installing...
deltarpm-3.6-3.el7                    ########################################
Preparing...                          ########################################
Updating / installing...
device-mapper-event-libs-7:1.02.164-7.########################################
Preparing...                          ########################################
Preparing...                          ########################################
Updating / installing...
diffstat-1.57-4.el7                   ########################################
Preparing...                          ########################################
Updating / installing...
docker-ce-cli-1:19.03.11-3.el7        ########################################
Preparing...                          ########################################
Preparing...                          ########################################
Updating / installing...
doxygen-1:1.8.5-4.el7                 ########################################
Preparing...                          ########################################
Updating / installing...
dwz-0.11-3.el7                        ########################################
Preparing...                          ########################################
Updating / installing...
elfutils-0.176-4.el7                  ########################################
Preparing...                          ########################################
Updating / installing...
gdb-7.6.1-119.el7                     ########################################
Preparing...                          ########################################
Preparing...                          ########################################
Updating / installing...
gettext-common-devel-0.19.8.1-3.el7   ########################################
Preparing...                          ########################################
Updating / installing...
gettext-devel-0.19.8.1-3.el7          ########################################
Preparing...                          ########################################
Preparing...                          ########################################
Updating / installing...
golang-src-1.15.2-1.el7               ########################################
Preparing...                          ########################################
Updating / installing...
httpd-tools-2.4.6-93.el7              ########################################
Preparing...                          ########################################
Preparing...                          ########################################
Updating / installing...
indent-2.2.11-13.el7                  ########################################
Preparing...                          ########################################
Updating / installing...
kernel-debug-devel-3.10.0-1127.19.1.el########################################
Preparing...                          ########################################
Updating / installing...
kernel-debug-devel-3.10.0-1160.2.1.el7########################################
Preparing...                          ########################################
Updating / installing...
kernel-headers-3.10.0-1127.19.1.el7   ########################################
Preparing...                          ########################################
Preparing...                          ########################################
Updating / installing...
keyutils-1.5.8-3.el7                  ########################################
Preparing...                          ########################################
Updating / installing...
libaio-0.3.109-13.el7                 ########################################
Preparing...                          ########################################
Updating / installing...
libbasicobjects-0.1.1-32.el7          ########################################
Preparing...                          ########################################
Updating / installing...
libcollection-0.7.0-32.el7            ########################################
Preparing...                          ########################################
Updating / installing...
libdwarf-20130207-4.el7               ########################################
Preparing...                          ########################################
Updating / installing...
libevent-2.0.21-4.el7                 ########################################
Preparing...                          ########################################
Updating / installing...
libmodman-2.0.1-8.el7                 ########################################
Preparing...                          ########################################
Updating / installing...
libnetfilter_cthelper-1.0.0-11.el7    ########################################
Preparing...                          ########################################
Updating / installing...
libnetfilter_cttimeout-1.0.0-7.el7    ########################################
Preparing...                          ########################################
Updating / installing...
libnetfilter_queue-1.0.2-2.el7_2      ########################################
Preparing...                          ########################################
Updating / installing...
libnfsidmap-0.25-19.el7               ########################################
Preparing...                          ########################################
Updating / installing...
libpath_utils-0.2.1-32.el7            ########################################
Preparing...                          ########################################
Updating / installing...
libproxy-0.4.11-11.el7                ########################################
Preparing...                          ########################################
Updating / installing...
libquadmath-4.8.5-39.el7              ########################################
Preparing...                          ########################################
Preparing...                          ########################################
Updating / installing...
libref_array-0.1.5-32.el7             ########################################
Preparing...                          ########################################
Updating / installing...
libstdc++-devel-4.8.5-39.el7          ########################################
Preparing...                          ########################################
Updating / installing...
libtirpc-0.2.4-0.16.el7               ########################################
Preparing...                          ########################################
Updating / installing...
libuv-1:1.38.0-2.el7                  ########################################
Preparing...                          ########################################
Updating / installing...
libverto-libevent-0.2.5-4.el7         ########################################
Preparing...                          ########################################
Updating / installing...
libxml2-python-2.9.1-6.el7.4          ########################################
Preparing...                          ########################################
Updating / installing...
libyaml-0.1.4-11.el7_0                ########################################
Preparing...                          ########################################
Updating / installing...
m4-1.4.16-10.el7                      ########################################
Preparing...                          ########################################
Updating / installing...
mailcap-2.1.41-2.el7                  ########################################
Preparing...                          ########################################
Updating / installing...
mercurial-2.6.2-11.el7                ########################################
Preparing...                          ########################################
Updating / installing...
mpfr-3.1.1-4.el7                      ########################################
Preparing...                          ########################################
Updating / installing...
nettle-2.7.1-8.el7                    ########################################
Preparing...                          ########################################
Updating / installing...
pakchois-0.4-10.el7                   ########################################
Preparing...                          ########################################
Updating / installing...
patch-2.7.1-12.el7_7                  ########################################
Preparing...                          ########################################
Updating / installing...
patchutils-0.3.3-4.el7                ########################################
Preparing...                          ########################################
Updating / installing...
perl-Data-Dumper-2.145-3.el7          ########################################
Preparing...                          ########################################
Preparing...                          ########################################
Preparing...                          ########################################
Updating / installing...
perl-srpm-macros-1-8.el7              ########################################
Preparing...                          ########################################
Preparing...                          ########################################
Updating / installing...
perl-Test-Harness-3.28-3.el7          ########################################
Preparing...                          ########################################
Updating / installing...
perl-Thread-Queue-3.02-2.el7          ########################################
Preparing...                          ########################################
Updating / installing...
perl-XML-Parser-2.41-10.el7           ########################################
Preparing...                          ########################################
Updating / installing...
python-chardet-2.2.1-3.el7            ########################################
Preparing...                          ########################################
Updating / installing...
python-deltarpm-3.6-3.el7             ########################################
Preparing...                          ########################################
Updating / installing...
python-kitchen-1.1.1-5.el7            ########################################
Preparing...                          ########################################
Updating / installing...
python-srpm-macros-3-32.el7           ########################################
Preparing...                          ########################################
Preparing...                          ########################################
Updating / installing...
quota-nls-1:4.01-19.el7               ########################################
Preparing...                          ########################################
Updating / installing...
rcs-5.9.0-7.el7                       ########################################
Preparing...                          ########################################
Updating / installing...
rpcbind-0.2.0-49.el7                  ########################################
Preparing...                          ########################################
Updating / installing...
rpm-sign-4.11.3-43.el7                ########################################
Preparing...                          ########################################
Updating / installing...
socat-1.7.3.2-2.el7                   ########################################
Preparing...                          ########################################
Updating / installing...
swig-2.0.10-5.el7                     ########################################
Preparing...                          ########################################
Updating / installing...
tcp_wrappers-7.6-77.el7               ########################################
Preparing...                          ########################################
Updating / installing...
trousers-0.3.14-2.el7                 ########################################
Preparing...                          ########################################
Updating / installing...
unzip-6.0-21.el7                      ########################################
Preparing...                          ########################################
Updating / installing...
wget-1.14-18.el7_6.1                  ########################################
Preparing...                          ########################################
Updating / installing...
yum-utils-1.1.31-54.el7_8             ########################################
Preparing...                          ########################################
Updating / installing...
zip-3.0-11.el7                        ########################################
